{"/Users/joshdan/Desktop/reactify-fast-food-fast/src/App.jsx": {"path":"/Users/joshdan/Desktop/reactify-fast-food-fast/src/App.jsx","statementMap":{"0":{"start":{"line":7,"column":12},"end":{"line":14,"column":1}},"1":{"start":{"line":8,"column":2},"end":{"line":13,"column":4}}},"fnMap":{"0":{"name":"(anonymous_0)","decl":{"start":{"line":7,"column":12},"end":{"line":7,"column":13}},"loc":{"start":{"line":7,"column":18},"end":{"line":14,"column":1}},"line":7}},"branchMap":{},"s":{"0":1,"1":1},"f":{"0":1},"b":{},"_coverageSchema":"43e27e138ebf9cfc5966b082cf9a028302ed4184","hash":"b513144d6c58ad3738d44d1ad705c35cc017ce30"}
,"/Users/joshdan/Desktop/reactify-fast-food-fast/src/Router.jsx": {"path":"/Users/joshdan/Desktop/reactify-fast-food-fast/src/Router.jsx","statementMap":{"0":{"start":{"line":10,"column":15},"end":{"line":23,"column":1}},"1":{"start":{"line":11,"column":2},"end":{"line":22,"column":13}}},"fnMap":{"0":{"name":"(anonymous_0)","decl":{"start":{"line":10,"column":15},"end":{"line":10,"column":16}},"loc":{"start":{"line":11,"column":2},"end":{"line":22,"column":13}},"line":11}},"branchMap":{},"s":{"0":1,"1":1},"f":{"0":1},"b":{},"_coverageSchema":"43e27e138ebf9cfc5966b082cf9a028302ed4184","hash":"8af58e0c36b3166e4103963b774e77cc1d03f29b"}
,"/Users/joshdan/Desktop/reactify-fast-food-fast/src/actions/LoginAction.js": {"path":"/Users/joshdan/Desktop/reactify-fast-food-fast/src/actions/LoginAction.js","statementMap":{"0":{"start":{"line":3,"column":27},"end":{"line":24,"column":1}},"1":{"start":{"line":3,"column":35},"end":{"line":24,"column":1}},"2":{"start":{"line":4,"column":2},"end":{"line":23,"column":20}},"3":{"start":{"line":9,"column":17},"end":{"line":9,"column":27}},"4":{"start":{"line":11,"column":6},"end":{"line":21,"column":7}},"5":{"start":{"line":12,"column":8},"end":{"line":15,"column":11}},"6":{"start":{"line":17,"column":8},"end":{"line":20,"column":11}},"7":{"start":{"line":23,"column":16},"end":{"line":23,"column":19}},"8":{"start":{"line":26,"column":22},"end":{"line":30,"column":1}},"9":{"start":{"line":26,"column":28},"end":{"line":30,"column":1}},"10":{"start":{"line":27,"column":2},"end":{"line":29,"column":5}}},"fnMap":{"0":{"name":"(anonymous_0)","decl":{"start":{"line":3,"column":27},"end":{"line":3,"column":28}},"loc":{"start":{"line":3,"column":35},"end":{"line":24,"column":1}},"line":3},"1":{"name":"(anonymous_1)","decl":{"start":{"line":3,"column":35},"end":{"line":3,"column":36}},"loc":{"start":{"line":3,"column":47},"end":{"line":24,"column":1}},"line":3},"2":{"name":"(anonymous_2)","decl":{"start":{"line":9,"column":10},"end":{"line":9,"column":11}},"loc":{"start":{"line":9,"column":17},"end":{"line":9,"column":27}},"line":9},"3":{"name":"(anonymous_3)","decl":{"start":{"line":10,"column":10},"end":{"line":10,"column":11}},"loc":{"start":{"line":10,"column":22},"end":{"line":22,"column":5}},"line":10},"4":{"name":"(anonymous_4)","decl":{"start":{"line":23,"column":11},"end":{"line":23,"column":12}},"loc":{"start":{"line":23,"column":16},"end":{"line":23,"column":19}},"line":23},"5":{"name":"(anonymous_5)","decl":{"start":{"line":26,"column":22},"end":{"line":26,"column":23}},"loc":{"start":{"line":26,"column":28},"end":{"line":30,"column":1}},"line":26},"6":{"name":"(anonymous_6)","decl":{"start":{"line":26,"column":28},"end":{"line":26,"column":29}},"loc":{"start":{"line":26,"column":40},"end":{"line":30,"column":1}},"line":26}},"branchMap":{"0":{"loc":{"start":{"line":11,"column":6},"end":{"line":21,"column":7}},"type":"if","locations":[{"start":{"line":11,"column":6},"end":{"line":21,"column":7}},{"start":{"line":11,"column":6},"end":{"line":21,"column":7}}],"line":11}},"s":{"0":4,"1":1,"2":1,"3":1,"4":1,"5":0,"6":1,"7":0,"8":4,"9":1,"10":1},"f":{"0":1,"1":1,"2":1,"3":1,"4":0,"5":1,"6":1},"b":{"0":[0,1]},"_coverageSchema":"43e27e138ebf9cfc5966b082cf9a028302ed4184","hash":"402cf6f3c371e64fe3eb93f7d9a267a3d0f8e732"}
,"/Users/joshdan/Desktop/reactify-fast-food-fast/src/actions/SignUpAction.js": {"path":"/Users/joshdan/Desktop/reactify-fast-food-fast/src/actions/SignUpAction.js","statementMap":{"0":{"start":{"line":3,"column":28},"end":{"line":17,"column":1}},"1":{"start":{"line":3,"column":38},"end":{"line":17,"column":1}},"2":{"start":{"line":4,"column":2},"end":{"line":16,"column":18}},"3":{"start":{"line":9,"column":15},"end":{"line":9,"column":25}},"4":{"start":{"line":11,"column":4},"end":{"line":14,"column":6}},"5":{"start":{"line":16,"column":14},"end":{"line":16,"column":17}}},"fnMap":{"0":{"name":"(anonymous_0)","decl":{"start":{"line":3,"column":28},"end":{"line":3,"column":29}},"loc":{"start":{"line":3,"column":38},"end":{"line":17,"column":1}},"line":3},"1":{"name":"(anonymous_1)","decl":{"start":{"line":3,"column":38},"end":{"line":3,"column":39}},"loc":{"start":{"line":3,"column":50},"end":{"line":17,"column":1}},"line":3},"2":{"name":"(anonymous_2)","decl":{"start":{"line":9,"column":8},"end":{"line":9,"column":9}},"loc":{"start":{"line":9,"column":15},"end":{"line":9,"column":25}},"line":9},"3":{"name":"(anonymous_3)","decl":{"start":{"line":10,"column":8},"end":{"line":10,"column":9}},"loc":{"start":{"line":10,"column":20},"end":{"line":15,"column":3}},"line":10},"4":{"name":"(anonymous_4)","decl":{"start":{"line":16,"column":9},"end":{"line":16,"column":10}},"loc":{"start":{"line":16,"column":14},"end":{"line":16,"column":17}},"line":16}},"branchMap":{},"s":{"0":3,"1":1,"2":1,"3":1,"4":1,"5":0},"f":{"0":1,"1":1,"2":1,"3":1,"4":0},"b":{},"_coverageSchema":"43e27e138ebf9cfc5966b082cf9a028302ed4184","hash":"f820c9ac93292a97bcf25d7aeea6277abe1bffa4"}
,"/Users/joshdan/Desktop/reactify-fast-food-fast/src/actions/actionTypes.js": {"path":"/Users/joshdan/Desktop/reactify-fast-food-fast/src/actions/actionTypes.js","statementMap":{"0":{"start":{"line":1,"column":20},"end":{"line":6,"column":1}}},"fnMap":{},"branchMap":{},"s":{"0":8},"f":{},"b":{},"_coverageSchema":"43e27e138ebf9cfc5966b082cf9a028302ed4184","hash":"73a181b73e302101eda63eb2b3226167c3a587cb"}
,"/Users/joshdan/Desktop/reactify-fast-food-fast/src/components/Login/LoginView.jsx": {"path":"/Users/joshdan/Desktop/reactify-fast-food-fast/src/components/Login/LoginView.jsx","statementMap":{"0":{"start":{"line":12,"column":25},"end":{"line":65,"column":1}},"1":{"start":{"line":13,"column":54},"end":{"line":13,"column":59}},"2":{"start":{"line":14,"column":2},"end":{"line":64,"column":4}},"3":{"start":{"line":67,"column":0},"end":{"line":70,"column":1}}},"fnMap":{"0":{"name":"(anonymous_0)","decl":{"start":{"line":12,"column":25},"end":{"line":12,"column":26}},"loc":{"start":{"line":12,"column":34},"end":{"line":65,"column":1}},"line":12}},"branchMap":{},"s":{"0":3,"1":1,"2":1,"3":3},"f":{"0":1},"b":{},"_coverageSchema":"43e27e138ebf9cfc5966b082cf9a028302ed4184","hash":"79a11647486c9590517b59c13862ca9d01b5d722"}
,"/Users/joshdan/Desktop/reactify-fast-food-fast/src/components/NavBar/NavBar.jsx": {"path":"/Users/joshdan/Desktop/reactify-fast-food-fast/src/components/NavBar/NavBar.jsx","statementMap":{"0":{"start":{"line":17,"column":4},"end":{"line":17,"column":17}},"1":{"start":{"line":18,"column":4},"end":{"line":22,"column":6}},"2":{"start":{"line":26,"column":4},"end":{"line":26,"column":22}},"3":{"start":{"line":30,"column":4},"end":{"line":34,"column":5}},"4":{"start":{"line":31,"column":6},"end":{"line":33,"column":14}},"5":{"start":{"line":32,"column":8},"end":{"line":32,"column":26}},"6":{"start":{"line":38,"column":23},"end":{"line":38,"column":33}},"7":{"start":{"line":39,"column":4},"end":{"line":39,"column":39}},"8":{"start":{"line":43,"column":23},"end":{"line":43,"column":33}},"9":{"start":{"line":44,"column":4},"end":{"line":44,"column":44}},"10":{"start":{"line":45,"column":4},"end":{"line":45,"column":13}},"11":{"start":{"line":46,"column":4},"end":{"line":48,"column":12}},"12":{"start":{"line":47,"column":6},"end":{"line":47,"column":24}},"13":{"start":{"line":52,"column":18},"end":{"line":52,"column":54}},"14":{"start":{"line":53,"column":4},"end":{"line":57,"column":5}},"15":{"start":{"line":54,"column":6},"end":{"line":54,"column":63}},"16":{"start":{"line":56,"column":6},"end":{"line":56,"column":63}},"17":{"start":{"line":61,"column":48},"end":{"line":61,"column":58}},"18":{"start":{"line":62,"column":4},"end":{"line":82,"column":6}},"19":{"start":{"line":86,"column":0},"end":{"line":89,"column":2}},"20":{"start":{"line":91,"column":0},"end":{"line":93,"column":2}},"21":{"start":{"line":95,"column":31},"end":{"line":99,"column":1}},"22":{"start":{"line":96,"column":2},"end":{"line":98,"column":4}}},"fnMap":{"0":{"name":"(anonymous_0)","decl":{"start":{"line":16,"column":2},"end":{"line":16,"column":3}},"loc":{"start":{"line":16,"column":21},"end":{"line":23,"column":3}},"line":16},"1":{"name":"(anonymous_1)","decl":{"start":{"line":25,"column":2},"end":{"line":25,"column":3}},"loc":{"start":{"line":25,"column":22},"end":{"line":27,"column":3}},"line":25},"2":{"name":"(anonymous_2)","decl":{"start":{"line":29,"column":2},"end":{"line":29,"column":3}},"loc":{"start":{"line":29,"column":39},"end":{"line":35,"column":3}},"line":29},"3":{"name":"(anonymous_3)","decl":{"start":{"line":31,"column":17},"end":{"line":31,"column":18}},"loc":{"start":{"line":31,"column":23},"end":{"line":33,"column":7}},"line":31},"4":{"name":"(anonymous_4)","decl":{"start":{"line":37,"column":19},"end":{"line":37,"column":20}},"loc":{"start":{"line":37,"column":25},"end":{"line":40,"column":3}},"line":37},"5":{"name":"(anonymous_5)","decl":{"start":{"line":42,"column":11},"end":{"line":42,"column":12}},"loc":{"start":{"line":42,"column":17},"end":{"line":49,"column":3}},"line":42},"6":{"name":"(anonymous_6)","decl":{"start":{"line":46,"column":15},"end":{"line":46,"column":16}},"loc":{"start":{"line":46,"column":21},"end":{"line":48,"column":5}},"line":46},"7":{"name":"(anonymous_7)","decl":{"start":{"line":51,"column":15},"end":{"line":51,"column":16}},"loc":{"start":{"line":51,"column":21},"end":{"line":58,"column":3}},"line":51},"8":{"name":"(anonymous_8)","decl":{"start":{"line":60,"column":2},"end":{"line":60,"column":3}},"loc":{"start":{"line":60,"column":11},"end":{"line":83,"column":3}},"line":60},"9":{"name":"(anonymous_9)","decl":{"start":{"line":95,"column":31},"end":{"line":95,"column":32}},"loc":{"start":{"line":95,"column":40},"end":{"line":99,"column":1}},"line":95}},"branchMap":{"0":{"loc":{"start":{"line":30,"column":4},"end":{"line":34,"column":5}},"type":"if","locations":[{"start":{"line":30,"column":4},"end":{"line":34,"column":5}},{"start":{"line":30,"column":4},"end":{"line":34,"column":5}}],"line":30},"1":{"loc":{"start":{"line":53,"column":4},"end":{"line":57,"column":5}},"type":"if","locations":[{"start":{"line":53,"column":4},"end":{"line":57,"column":5}},{"start":{"line":53,"column":4},"end":{"line":57,"column":5}}],"line":53}},"s":{"0":3,"1":3,"2":3,"3":0,"4":0,"5":0,"6":0,"7":0,"8":0,"9":0,"10":0,"11":0,"12":0,"13":3,"14":3,"15":0,"16":3,"17":6,"18":6,"19":2,"20":2,"21":2,"22":1},"f":{"0":3,"1":3,"2":0,"3":0,"4":0,"5":0,"6":0,"7":3,"8":6,"9":1},"b":{"0":[0,0],"1":[0,3]},"_coverageSchema":"43e27e138ebf9cfc5966b082cf9a028302ed4184","hash":"2cd2f387f488fe79716b3208b39d39cdd31c0c1e"}
,"/Users/joshdan/Desktop/reactify-fast-food-fast/src/components/Signup/SignUpView.jsx": {"path":"/Users/joshdan/Desktop/reactify-fast-food-fast/src/components/Signup/SignUpView.jsx","statementMap":{"0":{"start":{"line":12,"column":26},"end":{"line":79,"column":1}},"1":{"start":{"line":13,"column":54},"end":{"line":13,"column":59}},"2":{"start":{"line":14,"column":2},"end":{"line":78,"column":4}},"3":{"start":{"line":81,"column":0},"end":{"line":84,"column":2}}},"fnMap":{"0":{"name":"(anonymous_0)","decl":{"start":{"line":12,"column":26},"end":{"line":12,"column":27}},"loc":{"start":{"line":12,"column":35},"end":{"line":79,"column":1}},"line":12}},"branchMap":{},"s":{"0":3,"1":2,"2":2,"3":3},"f":{"0":2},"b":{},"_coverageSchema":"43e27e138ebf9cfc5966b082cf9a028302ed4184","hash":"12a70cb3d9e7bd140bf281c598aaffca1be6f512"}
,"/Users/joshdan/Desktop/reactify-fast-food-fast/src/components/landing/landingPage.jsx": {"path":"/Users/joshdan/Desktop/reactify-fast-food-fast/src/components/landing/landingPage.jsx","statementMap":{"0":{"start":{"line":4,"column":20},"end":{"line":19,"column":1}},"1":{"start":{"line":5,"column":16},"end":{"line":5,"column":52}},"2":{"start":{"line":6,"column":2},"end":{"line":18,"column":3}},"3":{"start":{"line":7,"column":4},"end":{"line":11,"column":6}},"4":{"start":{"line":13,"column":4},"end":{"line":17,"column":5}}},"fnMap":{"0":{"name":"(anonymous_0)","decl":{"start":{"line":4,"column":20},"end":{"line":4,"column":21}},"loc":{"start":{"line":4,"column":26},"end":{"line":19,"column":1}},"line":4}},"branchMap":{"0":{"loc":{"start":{"line":6,"column":2},"end":{"line":18,"column":3}},"type":"if","locations":[{"start":{"line":6,"column":2},"end":{"line":18,"column":3}},{"start":{"line":6,"column":2},"end":{"line":18,"column":3}}],"line":6}},"s":{"0":2,"1":1,"2":1,"3":0,"4":1},"f":{"0":1},"b":{"0":[0,1]},"_coverageSchema":"43e27e138ebf9cfc5966b082cf9a028302ed4184","hash":"d98326f1925f0e9dd930cfb6944f60d0f293e678"}
,"/Users/joshdan/Desktop/reactify-fast-food-fast/src/reducers/LoginReducer.js": {"path":"/Users/joshdan/Desktop/reactify-fast-food-fast/src/reducers/LoginReducer.js","statementMap":{"0":{"start":{"line":3,"column":21},"end":{"line":6,"column":1}},"1":{"start":{"line":9,"column":2},"end":{"line":28,"column":3}},"2":{"start":{"line":11,"column":6},"end":{"line":15,"column":8}},"3":{"start":{"line":17,"column":6},"end":{"line":20,"column":8}},"4":{"start":{"line":22,"column":6},"end":{"line":25,"column":8}},"5":{"start":{"line":27,"column":6},"end":{"line":27,"column":19}}},"fnMap":{"0":{"name":"(anonymous_0)","decl":{"start":{"line":8,"column":15},"end":{"line":8,"column":16}},"loc":{"start":{"line":8,"column":54},"end":{"line":29,"column":1}},"line":8}},"branchMap":{"0":{"loc":{"start":{"line":8,"column":24},"end":{"line":8,"column":44}},"type":"default-arg","locations":[{"start":{"line":8,"column":32},"end":{"line":8,"column":44}}],"line":8},"1":{"loc":{"start":{"line":9,"column":2},"end":{"line":28,"column":3}},"type":"switch","locations":[{"start":{"line":10,"column":4},"end":{"line":15,"column":8}},{"start":{"line":16,"column":4},"end":{"line":20,"column":8}},{"start":{"line":21,"column":4},"end":{"line":25,"column":8}},{"start":{"line":26,"column":4},"end":{"line":27,"column":19}}],"line":9}},"s":{"0":2,"1":6,"2":1,"3":1,"4":0,"5":4},"f":{"0":6},"b":{"0":[4],"1":[1,1,0,4]},"_coverageSchema":"43e27e138ebf9cfc5966b082cf9a028302ed4184","hash":"3ec1781d44ac2cc5fe56d44430ac64273426c22f"}
,"/Users/joshdan/Desktop/reactify-fast-food-fast/src/reducers/SignUpReducer.js": {"path":"/Users/joshdan/Desktop/reactify-fast-food-fast/src/reducers/SignUpReducer.js","statementMap":{"0":{"start":{"line":3,"column":21},"end":{"line":5,"column":1}},"1":{"start":{"line":8,"column":2},"end":{"line":16,"column":3}},"2":{"start":{"line":10,"column":6},"end":{"line":13,"column":8}},"3":{"start":{"line":15,"column":6},"end":{"line":15,"column":19}}},"fnMap":{"0":{"name":"(anonymous_0)","decl":{"start":{"line":7,"column":15},"end":{"line":7,"column":16}},"loc":{"start":{"line":7,"column":53},"end":{"line":17,"column":1}},"line":7}},"branchMap":{"0":{"loc":{"start":{"line":7,"column":24},"end":{"line":7,"column":44}},"type":"default-arg","locations":[{"start":{"line":7,"column":32},"end":{"line":7,"column":44}}],"line":7},"1":{"loc":{"start":{"line":8,"column":2},"end":{"line":16,"column":3}},"type":"switch","locations":[{"start":{"line":9,"column":4},"end":{"line":13,"column":8}},{"start":{"line":14,"column":4},"end":{"line":15,"column":19}}],"line":8}},"s":{"0":2,"1":5,"2":1,"3":4},"f":{"0":5},"b":{"0":[4],"1":[1,4]},"_coverageSchema":"43e27e138ebf9cfc5966b082cf9a028302ed4184","hash":"dc6cc0ba0f91212b5ec3098f6954aaec6559dee6"}
,"/Users/joshdan/Desktop/reactify-fast-food-fast/src/reducers/index.js": {"path":"/Users/joshdan/Desktop/reactify-fast-food-fast/src/reducers/index.js","statementMap":{"0":{"start":{"line":5,"column":20},"end":{"line":8,"column":2}}},"fnMap":{},"branchMap":{},"s":{"0":1},"f":{},"b":{},"_coverageSchema":"43e27e138ebf9cfc5966b082cf9a028302ed4184","hash":"590eabca520d1e05f3be12855d978d76b3091cd6"}
,"/Users/joshdan/Desktop/reactify-fast-food-fast/src/store/index.js": {"path":"/Users/joshdan/Desktop/reactify-fast-food-fast/src/store/index.js","statementMap":{"0":{"start":{"line":6,"column":19},"end":{"line":6,"column":26}},"1":{"start":{"line":7,"column":21},"end":{"line":7,"column":23}},"2":{"start":{"line":8,"column":14},"end":{"line":12,"column":1}}},"fnMap":{},"branchMap":{},"s":{"0":1,"1":1,"2":1},"f":{},"b":{},"_coverageSchema":"43e27e138ebf9cfc5966b082cf9a028302ed4184","hash":"b101ed018a7601150e7f50ed8de85726bb738096"}
,"/Users/joshdan/Desktop/reactify-fast-food-fast/src/views/Login/Login.jsx": {"path":"/Users/joshdan/Desktop/reactify-fast-food-fast/src/views/Login/Login.jsx","statementMap":{"0":{"start":{"line":10,"column":4},"end":{"line":10,"column":17}},"1":{"start":{"line":11,"column":4},"end":{"line":19,"column":6}},"2":{"start":{"line":23,"column":24},"end":{"line":23,"column":34}},"3":{"start":{"line":24,"column":4},"end":{"line":34,"column":5}},"4":{"start":{"line":25,"column":6},"end":{"line":28,"column":7}},"5":{"start":{"line":26,"column":8},"end":{"line":26,"column":41}},"6":{"start":{"line":27,"column":8},"end":{"line":27,"column":70}},"7":{"start":{"line":27,"column":26},"end":{"line":27,"column":61}},"8":{"start":{"line":29,"column":6},"end":{"line":29,"column":52}},"9":{"start":{"line":30,"column":6},"end":{"line":30,"column":60}},"10":{"start":{"line":31,"column":11},"end":{"line":34,"column":5}},"11":{"start":{"line":32,"column":6},"end":{"line":32,"column":37}},"12":{"start":{"line":33,"column":6},"end":{"line":33,"column":61}},"13":{"start":{"line":38,"column":4},"end":{"line":38,"column":23}},"14":{"start":{"line":39,"column":28},"end":{"line":39,"column":38}},"15":{"start":{"line":40,"column":4},"end":{"line":40,"column":28}},"16":{"start":{"line":41,"column":4},"end":{"line":41,"column":66}},"17":{"start":{"line":45,"column":4},"end":{"line":45,"column":55}},"18":{"start":{"line":49,"column":36},"end":{"line":49,"column":46}},"19":{"start":{"line":50,"column":4},"end":{"line":57,"column":6}},"20":{"start":{"line":61,"column":0},"end":{"line":65,"column":2}},"21":{"start":{"line":67,"column":0},"end":{"line":70,"column":2}},"22":{"start":{"line":71,"column":31},"end":{"line":76,"column":1}},"23":{"start":{"line":72,"column":2},"end":{"line":75,"column":4}}},"fnMap":{"0":{"name":"(anonymous_0)","decl":{"start":{"line":9,"column":2},"end":{"line":9,"column":3}},"loc":{"start":{"line":9,"column":21},"end":{"line":20,"column":3}},"line":9},"1":{"name":"(anonymous_1)","decl":{"start":{"line":22,"column":2},"end":{"line":22,"column":3}},"loc":{"start":{"line":22,"column":39},"end":{"line":35,"column":3}},"line":22},"2":{"name":"(anonymous_2)","decl":{"start":{"line":27,"column":19},"end":{"line":27,"column":20}},"loc":{"start":{"line":27,"column":25},"end":{"line":27,"column":62}},"line":27},"3":{"name":"(anonymous_3)","decl":{"start":{"line":37,"column":17},"end":{"line":37,"column":18}},"loc":{"start":{"line":37,"column":22},"end":{"line":42,"column":3}},"line":37},"4":{"name":"(anonymous_4)","decl":{"start":{"line":44,"column":17},"end":{"line":44,"column":18}},"loc":{"start":{"line":44,"column":22},"end":{"line":46,"column":3}},"line":44},"5":{"name":"(anonymous_5)","decl":{"start":{"line":48,"column":2},"end":{"line":48,"column":3}},"loc":{"start":{"line":48,"column":11},"end":{"line":58,"column":3}},"line":48},"6":{"name":"(anonymous_6)","decl":{"start":{"line":71,"column":31},"end":{"line":71,"column":32}},"loc":{"start":{"line":71,"column":40},"end":{"line":76,"column":1}},"line":71}},"branchMap":{"0":{"loc":{"start":{"line":24,"column":4},"end":{"line":34,"column":5}},"type":"if","locations":[{"start":{"line":24,"column":4},"end":{"line":34,"column":5}},{"start":{"line":24,"column":4},"end":{"line":34,"column":5}}],"line":24},"1":{"loc":{"start":{"line":25,"column":6},"end":{"line":28,"column":7}},"type":"if","locations":[{"start":{"line":25,"column":6},"end":{"line":28,"column":7}},{"start":{"line":25,"column":6},"end":{"line":28,"column":7}}],"line":25},"2":{"loc":{"start":{"line":31,"column":11},"end":{"line":34,"column":5}},"type":"if","locations":[{"start":{"line":31,"column":11},"end":{"line":34,"column":5}},{"start":{"line":31,"column":11},"end":{"line":34,"column":5}}],"line":31}},"s":{"0":4,"1":4,"2":1,"3":1,"4":1,"5":1,"6":1,"7":0,"8":1,"9":1,"10":0,"11":0,"12":0,"13":1,"14":1,"15":1,"16":1,"17":1,"18":7,"19":7,"20":2,"21":2,"22":2,"23":0},"f":{"0":4,"1":1,"2":0,"3":1,"4":1,"5":7,"6":0},"b":{"0":[1,0],"1":[1,0],"2":[0,0]},"_coverageSchema":"43e27e138ebf9cfc5966b082cf9a028302ed4184","hash":"4db8b99ba18733cab7ae8c62adfb6861f9c34848"}
,"/Users/joshdan/Desktop/reactify-fast-food-fast/src/views/SIgnUp/SignUp.jsx": {"path":"/Users/joshdan/Desktop/reactify-fast-food-fast/src/views/SIgnUp/SignUp.jsx","statementMap":{"0":{"start":{"line":10,"column":4},"end":{"line":10,"column":17}},"1":{"start":{"line":11,"column":4},"end":{"line":18,"column":6}},"2":{"start":{"line":22,"column":4},"end":{"line":28,"column":5}},"3":{"start":{"line":23,"column":6},"end":{"line":23,"column":39}},"4":{"start":{"line":24,"column":6},"end":{"line":24,"column":66}},"5":{"start":{"line":24,"column":24},"end":{"line":24,"column":57}},"6":{"start":{"line":26,"column":6},"end":{"line":26,"column":37}},"7":{"start":{"line":27,"column":6},"end":{"line":27,"column":64}},"8":{"start":{"line":32,"column":29},"end":{"line":32,"column":39}},"9":{"start":{"line":33,"column":4},"end":{"line":33,"column":23}},"10":{"start":{"line":34,"column":4},"end":{"line":34,"column":29}},"11":{"start":{"line":35,"column":4},"end":{"line":35,"column":67}},"12":{"start":{"line":39,"column":4},"end":{"line":39,"column":55}},"13":{"start":{"line":43,"column":36},"end":{"line":43,"column":46}},"14":{"start":{"line":44,"column":4},"end":{"line":51,"column":6}},"15":{"start":{"line":55,"column":0},"end":{"line":58,"column":2}},"16":{"start":{"line":60,"column":0},"end":{"line":62,"column":2}},"17":{"start":{"line":64,"column":31},"end":{"line":68,"column":1}},"18":{"start":{"line":65,"column":2},"end":{"line":67,"column":4}}},"fnMap":{"0":{"name":"(anonymous_0)","decl":{"start":{"line":9,"column":2},"end":{"line":9,"column":3}},"loc":{"start":{"line":9,"column":21},"end":{"line":19,"column":3}},"line":9},"1":{"name":"(anonymous_1)","decl":{"start":{"line":21,"column":2},"end":{"line":21,"column":3}},"loc":{"start":{"line":21,"column":39},"end":{"line":29,"column":3}},"line":21},"2":{"name":"(anonymous_2)","decl":{"start":{"line":24,"column":17},"end":{"line":24,"column":18}},"loc":{"start":{"line":24,"column":23},"end":{"line":24,"column":58}},"line":24},"3":{"name":"(anonymous_3)","decl":{"start":{"line":31,"column":17},"end":{"line":31,"column":18}},"loc":{"start":{"line":31,"column":22},"end":{"line":36,"column":3}},"line":31},"4":{"name":"(anonymous_4)","decl":{"start":{"line":38,"column":17},"end":{"line":38,"column":18}},"loc":{"start":{"line":38,"column":22},"end":{"line":40,"column":3}},"line":38},"5":{"name":"(anonymous_5)","decl":{"start":{"line":42,"column":2},"end":{"line":42,"column":3}},"loc":{"start":{"line":42,"column":11},"end":{"line":52,"column":3}},"line":42},"6":{"name":"(anonymous_6)","decl":{"start":{"line":64,"column":31},"end":{"line":64,"column":32}},"loc":{"start":{"line":64,"column":40},"end":{"line":68,"column":1}},"line":64}},"branchMap":{"0":{"loc":{"start":{"line":22,"column":4},"end":{"line":28,"column":5}},"type":"if","locations":[{"start":{"line":22,"column":4},"end":{"line":28,"column":5}},{"start":{"line":22,"column":4},"end":{"line":28,"column":5}}],"line":22}},"s":{"0":5,"1":5,"2":1,"3":0,"4":0,"5":0,"6":1,"7":1,"8":1,"9":1,"10":1,"11":1,"12":1,"13":8,"14":8,"15":2,"16":2,"17":2,"18":1},"f":{"0":5,"1":1,"2":0,"3":1,"4":1,"5":8,"6":1},"b":{"0":[0,1]},"_coverageSchema":"43e27e138ebf9cfc5966b082cf9a028302ed4184","hash":"3a7477f6509d6111ace218ed49f158662008aca2"}
}
