TN:
SF:/Users/joshdan/Desktop/reactify-fast-food-fast/src/App.jsx
FN:7,(anonymous_0)
FNF:1
FNH:1
FNDA:1,(anonymous_0)
DA:7,1
DA:8,1
LF:2
LH:2
BRF:0
BRH:0
end_of_record
TN:
SF:/Users/joshdan/Desktop/reactify-fast-food-fast/src/Router.jsx
FN:10,(anonymous_0)
FNF:1
FNH:1
FNDA:1,(anonymous_0)
DA:10,1
DA:11,1
LF:2
LH:2
BRF:0
BRH:0
end_of_record
TN:
SF:/Users/joshdan/Desktop/reactify-fast-food-fast/src/actions/LoginAction.js
FN:3,(anonymous_0)
FN:3,(anonymous_1)
FN:9,(anonymous_2)
FN:10,(anonymous_3)
FN:23,(anonymous_4)
FN:26,(anonymous_5)
FN:26,(anonymous_6)
FNF:7
FNH:6
FNDA:1,(anonymous_0)
FNDA:1,(anonymous_1)
FNDA:1,(anonymous_2)
FNDA:1,(anonymous_3)
FNDA:0,(anonymous_4)
FNDA:1,(anonymous_5)
FNDA:1,(anonymous_6)
DA:3,4
DA:4,1
DA:9,1
DA:11,1
DA:12,0
DA:17,1
DA:23,0
DA:26,4
DA:27,1
LF:9
LH:7
BRDA:11,0,0,0
BRDA:11,0,1,1
BRF:2
BRH:1
end_of_record
TN:
SF:/Users/joshdan/Desktop/reactify-fast-food-fast/src/actions/SignUpAction.js
FN:3,(anonymous_0)
FN:3,(anonymous_1)
FN:9,(anonymous_2)
FN:10,(anonymous_3)
FN:16,(anonymous_4)
FNF:5
FNH:4
FNDA:1,(anonymous_0)
FNDA:1,(anonymous_1)
FNDA:1,(anonymous_2)
FNDA:1,(anonymous_3)
FNDA:0,(anonymous_4)
DA:3,3
DA:4,1
DA:9,1
DA:11,1
DA:16,0
LF:5
LH:4
BRF:0
BRH:0
end_of_record
TN:
SF:/Users/joshdan/Desktop/reactify-fast-food-fast/src/actions/actionTypes.js
FNF:0
FNH:0
DA:1,8
LF:1
LH:1
BRF:0
BRH:0
end_of_record
TN:
SF:/Users/joshdan/Desktop/reactify-fast-food-fast/src/components/Login/LoginView.jsx
FN:12,(anonymous_0)
FNF:1
FNH:1
FNDA:1,(anonymous_0)
DA:12,3
DA:13,1
DA:14,1
DA:67,3
LF:4
LH:4
BRF:0
BRH:0
end_of_record
TN:
SF:/Users/joshdan/Desktop/reactify-fast-food-fast/src/components/NavBar/NavBar.jsx
FN:16,(anonymous_0)
FN:25,(anonymous_1)
FN:29,(anonymous_2)
FN:31,(anonymous_3)
FN:37,(anonymous_4)
FN:42,(anonymous_5)
FN:46,(anonymous_6)
FN:51,(anonymous_7)
FN:60,(anonymous_8)
FN:95,(anonymous_9)
FNF:10
FNH:5
FNDA:3,(anonymous_0)
FNDA:3,(anonymous_1)
FNDA:0,(anonymous_2)
FNDA:0,(anonymous_3)
FNDA:0,(anonymous_4)
FNDA:0,(anonymous_5)
FNDA:0,(anonymous_6)
FNDA:3,(anonymous_7)
FNDA:6,(anonymous_8)
FNDA:1,(anonymous_9)
DA:17,3
DA:18,3
DA:26,3
DA:30,0
DA:31,0
DA:32,0
DA:38,0
DA:39,0
DA:43,0
DA:44,0
DA:45,0
DA:46,0
DA:47,0
DA:52,3
DA:53,3
DA:54,0
DA:56,3
DA:61,6
DA:62,6
DA:86,2
DA:91,2
DA:95,2
DA:96,1
LF:23
LH:12
BRDA:30,0,0,0
BRDA:30,0,1,0
BRDA:53,1,0,0
BRDA:53,1,1,3
BRF:4
BRH:1
end_of_record
TN:
SF:/Users/joshdan/Desktop/reactify-fast-food-fast/src/components/Signup/SignUpView.jsx
FN:12,(anonymous_0)
FNF:1
FNH:1
FNDA:2,(anonymous_0)
DA:12,3
DA:13,2
DA:14,2
DA:81,3
LF:4
LH:4
BRF:0
BRH:0
end_of_record
TN:
SF:/Users/joshdan/Desktop/reactify-fast-food-fast/src/components/landing/landingPage.jsx
FN:4,(anonymous_0)
FNF:1
FNH:1
FNDA:1,(anonymous_0)
DA:4,2
DA:5,1
DA:6,1
DA:7,0
DA:13,1
LF:5
LH:4
BRDA:6,0,0,0
BRDA:6,0,1,1
BRF:2
BRH:1
end_of_record
TN:
SF:/Users/joshdan/Desktop/reactify-fast-food-fast/src/reducers/LoginReducer.js
FN:8,(anonymous_0)
FNF:1
FNH:1
FNDA:6,(anonymous_0)
DA:3,2
DA:9,6
DA:11,1
DA:17,1
DA:22,0
DA:27,4
LF:6
LH:5
BRDA:8,0,0,4
BRDA:9,1,0,1
BRDA:9,1,1,1
BRDA:9,1,2,0
BRDA:9,1,3,4
BRF:5
BRH:4
end_of_record
TN:
SF:/Users/joshdan/Desktop/reactify-fast-food-fast/src/reducers/SignUpReducer.js
FN:7,(anonymous_0)
FNF:1
FNH:1
FNDA:5,(anonymous_0)
DA:3,2
DA:8,5
DA:10,1
DA:15,4
LF:4
LH:4
BRDA:7,0,0,4
BRDA:8,1,0,1
BRDA:8,1,1,4
BRF:3
BRH:3
end_of_record
TN:
SF:/Users/joshdan/Desktop/reactify-fast-food-fast/src/reducers/index.js
FNF:0
FNH:0
DA:5,1
LF:1
LH:1
BRF:0
BRH:0
end_of_record
TN:
SF:/Users/joshdan/Desktop/reactify-fast-food-fast/src/store/index.js
FNF:0
FNH:0
DA:6,1
DA:7,1
DA:8,1
LF:3
LH:3
BRF:0
BRH:0
end_of_record
TN:
SF:/Users/joshdan/Desktop/reactify-fast-food-fast/src/views/Login/Login.jsx
FN:9,(anonymous_0)
FN:22,(anonymous_1)
FN:27,(anonymous_2)
FN:37,(anonymous_3)
FN:44,(anonymous_4)
FN:48,(anonymous_5)
FN:71,(anonymous_6)
FNF:7
FNH:5
FNDA:4,(anonymous_0)
FNDA:1,(anonymous_1)
FNDA:0,(anonymous_2)
FNDA:1,(anonymous_3)
FNDA:1,(anonymous_4)
FNDA:7,(anonymous_5)
FNDA:0,(anonymous_6)
DA:10,4
DA:11,4
DA:23,1
DA:24,1
DA:25,1
DA:26,1
DA:27,1
DA:29,1
DA:30,1
DA:31,0
DA:32,0
DA:33,0
DA:38,1
DA:39,1
DA:40,1
DA:41,1
DA:45,1
DA:49,7
DA:50,7
DA:61,2
DA:67,2
DA:71,2
DA:72,0
LF:23
LH:19
BRDA:24,0,0,1
BRDA:24,0,1,0
BRDA:25,1,0,1
BRDA:25,1,1,0
BRDA:31,2,0,0
BRDA:31,2,1,0
BRF:6
BRH:2
end_of_record
TN:
SF:/Users/joshdan/Desktop/reactify-fast-food-fast/src/views/SIgnUp/SignUp.jsx
FN:9,(anonymous_0)
FN:21,(anonymous_1)
FN:24,(anonymous_2)
FN:31,(anonymous_3)
FN:38,(anonymous_4)
FN:42,(anonymous_5)
FN:64,(anonymous_6)
FNF:7
FNH:6
FNDA:5,(anonymous_0)
FNDA:1,(anonymous_1)
FNDA:0,(anonymous_2)
FNDA:1,(anonymous_3)
FNDA:1,(anonymous_4)
FNDA:8,(anonymous_5)
FNDA:1,(anonymous_6)
DA:10,5
DA:11,5
DA:22,1
DA:23,0
DA:24,0
DA:26,1
DA:27,1
DA:32,1
DA:33,1
DA:34,1
DA:35,1
DA:39,1
DA:43,8
DA:44,8
DA:55,2
DA:60,2
DA:64,2
DA:65,1
LF:18
LH:16
BRDA:22,0,0,0
BRDA:22,0,1,1
BRF:2
BRH:1
end_of_record
