TN:
SF:/Users/joshdan/Desktop/reactify-fast-food-fast/src/App.jsx
FN:8,(anonymous_0)
FNF:1
FNH:1
FNDA:1,(anonymous_0)
DA:9,1
LF:1
LH:1
BRF:0
BRH:0
end_of_record
TN:
SF:/Users/joshdan/Desktop/reactify-fast-food-fast/src/Router.jsx
FN:8,(anonymous_0)
FNF:1
FNH:1
FNDA:1,(anonymous_0)
DA:8,1
DA:9,1
LF:2
LH:2
BRF:0
BRH:0
end_of_record
TN:
SF:/Users/joshdan/Desktop/reactify-fast-food-fast/src/actions/SignUpAction.js
FN:3,(anonymous_0)
FN:3,(anonymous_1)
FN:9,(anonymous_2)
FN:10,(anonymous_3)
FNF:4
FNH:4
FNDA:1,(anonymous_0)
FNDA:1,(anonymous_1)
FNDA:1,(anonymous_2)
FNDA:1,(anonymous_3)
DA:3,3
DA:4,1
DA:9,1
DA:11,1
LF:4
LH:4
BRF:0
BRH:0
end_of_record
TN:
SF:/Users/joshdan/Desktop/reactify-fast-food-fast/src/actions/actionTypes.js
FNF:0
FNH:0
DA:1,4
LF:1
LH:1
BRF:0
BRH:0
end_of_record
TN:
SF:/Users/joshdan/Desktop/reactify-fast-food-fast/src/components/NavBar/NavBar.jsx
FN:13,(anonymous_0)
FN:20,(anonymous_1)
FN:25,(anonymous_2)
FNF:3
FNH:2
FNDA:2,(anonymous_0)
FNDA:0,(anonymous_1)
FNDA:2,(anonymous_2)
DA:14,2
DA:15,2
DA:21,0
DA:22,0
DA:26,2
DA:27,2
LF:6
LH:4
BRF:0
BRH:0
end_of_record
TN:
SF:/Users/joshdan/Desktop/reactify-fast-food-fast/src/components/Signup/SignUpView.jsx
FN:12,(anonymous_0)
FNF:1
FNH:1
FNDA:2,(anonymous_0)
DA:12,3
DA:13,2
DA:14,2
LF:3
LH:3
BRF:0
BRH:0
end_of_record
TN:
SF:/Users/joshdan/Desktop/reactify-fast-food-fast/src/reducers/SignUpReducer.js
FN:7,(anonymous_0)
FNF:1
FNH:1
FNDA:5,(anonymous_0)
DA:3,2
DA:8,5
DA:10,1
DA:15,4
LF:4
LH:4
BRDA:7,0,0,4
BRDA:8,1,0,1
BRDA:8,1,1,4
BRF:3
BRH:3
end_of_record
TN:
SF:/Users/joshdan/Desktop/reactify-fast-food-fast/src/reducers/index.js
FNF:0
FNH:0
DA:4,1
LF:1
LH:1
BRF:0
BRH:0
end_of_record
TN:
SF:/Users/joshdan/Desktop/reactify-fast-food-fast/src/store/index.js
FNF:0
FNH:0
DA:6,1
DA:7,1
DA:8,1
LF:3
LH:3
BRF:0
BRH:0
end_of_record
TN:
SF:/Users/joshdan/Desktop/reactify-fast-food-fast/src/views/SIgnUp/SignUp.jsx
FN:8,(anonymous_0)
FN:18,(anonymous_1)
FN:27,(anonymous_2)
FN:32,(anonymous_3)
FN:36,(anonymous_4)
FN:47,(anonymous_5)
FNF:6
FNH:6
FNDA:5,(anonymous_0)
FNDA:1,(anonymous_1)
FNDA:1,(anonymous_2)
FNDA:1,(anonymous_3)
FNDA:7,(anonymous_4)
FNDA:1,(anonymous_5)
DA:9,5
DA:10,5
DA:19,1
DA:20,0
DA:23,1
DA:28,1
DA:29,1
DA:33,1
DA:37,7
DA:47,2
DA:48,1
LF:11
LH:10
BRDA:19,0,0,0
BRDA:19,0,1,1
BRF:2
BRH:1
end_of_record
